{
  "stats": {
    "suites": 1,
    "tests": 1,
    "passes": 1,
    "pending": 0,
    "failures": 0,
    "start": "2023-05-04T07:52:59.657Z",
    "end": "2023-05-04T07:53:12.122Z",
    "duration": 12465,
    "testsRegistered": 1,
    "passPercent": 100,
    "pendingPercent": 0,
    "other": 0,
    "hasOther": false,
    "skipped": 0,
    "hasSkipped": false
  },
  "results": [
    {
      "uuid": "1b8085f0-97e2-40f6-903f-91d2b3e59e03",
      "title": "",
      "fullFile": "/Users/hakantektas/Desktop/wd-js-example/wd-js-example/test/localTest/example.js",
      "file": "/test/localTest/example.js",
      "beforeHooks": [],
      "afterHooks": [],
      "tests": [],
      "suites": [
        {
          "uuid": "bc86109a-f8cd-4ba2-900f-3db23fa7bc84",
          "title": "sample test",
          "fullFile": "/Users/hakantektas/Desktop/wd-js-example/wd-js-example/test/localTest/example.js",
          "file": "/test/localTest/example.js",
          "beforeHooks": [
            {
              "title": "\"before all\" hook in \"sample test\"",
              "fullTitle": "sample test \"before all\" hook in \"sample test\"",
              "timedOut": false,
              "duration": 7138,
              "state": null,
              "speed": null,
              "pass": false,
              "fail": false,
              "pending": false,
              "context": null,
              "code": "driver = wd.promiseChainRemote(serverConfigLocal);\nrequire(\"../../helpers/logging\").configure(driver);\nlet desired = {\n    platformName: 'Android',\n    deviceName: '988d9145524846413130',\n    app:\"/Users/hakantektas/Desktop/wd-js-example/wd-js-example/app/sample.apk\",\n    fullReset: false,\n    noReset: true\n};\nreturn driver\n    .init(desired)\n    .setImplicitWaitTimeout(8000);",
              "err": {},
              "uuid": "7b29081c-663b-4260-9e75-39c1b7630d4d",
              "parentUUID": "bc86109a-f8cd-4ba2-900f-3db23fa7bc84",
              "isHook": true,
              "skipped": false
            }
          ],
          "afterHooks": [
            {
              "title": "\"after all\" hook in \"sample test\"",
              "fullTitle": "sample test \"after all\" hook in \"sample test\"",
              "timedOut": false,
              "duration": 342,
              "state": null,
              "speed": null,
              "pass": false,
              "fail": false,
              "pending": false,
              "context": null,
              "code": "return driver\n    .quit();",
              "err": {},
              "uuid": "852048ea-7183-46ef-ac7f-f6f36a67dbd9",
              "parentUUID": "bc86109a-f8cd-4ba2-900f-3db23fa7bc84",
              "isHook": true,
              "skipped": false
            },
            {
              "title": "\"after each\" hook in \"sample test\"",
              "fullTitle": "sample test \"after each\" hook in \"sample test\"",
              "timedOut": false,
              "duration": 0,
              "state": null,
              "speed": null,
              "pass": false,
              "fail": false,
              "pending": false,
              "context": null,
              "code": "allPassed = allPassed && this.currentTest.state === 'passed';",
              "err": {},
              "uuid": "0e595ea8-0b63-40da-95fb-06e4cf78f6f3",
              "parentUUID": "bc86109a-f8cd-4ba2-900f-3db23fa7bc84",
              "isHook": true,
              "skipped": false
            }
          ],
          "tests": [
            {
              "title": "login example",
              "fullTitle": "sample test login example",
              "timedOut": false,
              "duration": 4980,
              "state": "passed",
              "speed": "slow",
              "pass": true,
              "fail": false,
              "pending": false,
              "context": null,
              "code": "return driver\n    .elementById(\"app.com.sandjs.bankaccountfakewallet:id/username_txt\")\n    .should.eventually.exist\n    .click()\n    .elementById(\"app.com.sandjs.bankaccountfakewallet:id/username_txt\")\n    .sendKeys(\"hakana\")\n    .hideKeyboard()\n    .elementById(\"app.com.sandjs.bankaccountfakewallet:id/password_txt\")\n    .sendKeys(\"123456Aa.\")\n    .hideKeyboard()\n    .elementById(\"app.com.sandjs.bankaccountfakewallet:id/login_btn\")\n    .click()",
              "err": {},
              "uuid": "6a935453-f210-47e0-9f3a-e4331d85c779",
              "parentUUID": "bc86109a-f8cd-4ba2-900f-3db23fa7bc84",
              "isHook": false,
              "skipped": false
            }
          ],
          "suites": [],
          "passes": [
            "6a935453-f210-47e0-9f3a-e4331d85c779"
          ],
          "failures": [],
          "pending": [],
          "skipped": [],
          "duration": 4980,
          "root": false,
          "rootEmpty": false,
          "_timeout": 300000
        }
      ],
      "passes": [],
      "failures": [],
      "pending": [],
      "skipped": [],
      "duration": 0,
      "root": true,
      "rootEmpty": true,
      "_timeout": 2000
    }
  ],
  "meta": {
    "mocha": {
      "version": "10.2.0"
    },
    "mochawesome": {
      "options": {
        "quiet": false,
        "reportFilename": "mochawesome",
        "saveHtml": true,
        "saveJson": true,
        "consoleReporter": "spec",
        "useInlineDiffs": false,
        "code": true
      },
      "version": "7.1.3"
    },
    "marge": {
      "options": null,
      "version": "6.2.0"
    }
  }
}