{
  "stats": {
    "suites": 1,
    "tests": 1,
    "passes": 1,
    "pending": 0,
    "failures": 0,
    "start": "2023-05-04T13:22:46.333Z",
    "end": "2023-05-04T13:22:58.887Z",
    "duration": 12554,
    "testsRegistered": 1,
    "passPercent": 100,
    "pendingPercent": 0,
    "other": 0,
    "hasOther": false,
    "skipped": 0,
    "hasSkipped": false
  },
  "results": [
    {
      "uuid": "5fbf0b8b-94ab-4923-beb4-f009b88a360b",
      "title": "",
      "fullFile": "/Users/hakantektas/Desktop/wd-js-example/wd-js-example/test/localTest/example.js",
      "file": "/test/localTest/example.js",
      "beforeHooks": [],
      "afterHooks": [],
      "tests": [],
      "suites": [
        {
          "uuid": "dffe5c6c-3407-4288-b2bd-9e9a656f8d01",
          "title": "sample test",
          "fullFile": "/Users/hakantektas/Desktop/wd-js-example/wd-js-example/test/localTest/example.js",
          "file": "/test/localTest/example.js",
          "beforeHooks": [
            {
              "title": "\"before all\" hook in \"sample test\"",
              "fullTitle": "sample test \"before all\" hook in \"sample test\"",
              "timedOut": false,
              "duration": 7459,
              "state": null,
              "speed": null,
              "pass": false,
              "fail": false,
              "pending": false,
              "context": null,
              "code": "driver = wd.promiseChainRemote(serverConfigLocal);\nrequire(\"../../helpers/logging\").configure(driver);\nlet desired = {\n    platformName: 'Android',\n    deviceName: '988d9145524846413130',\n    app:\"/Users/hakantektas/Desktop/wd-js-example/wd-js-example/app/sample.apk\",\n    fullReset: false,\n    noReset: true\n};\nreturn driver\n    .init(desired)\n    .setImplicitWaitTimeout(8000);",
              "err": {},
              "uuid": "ffe98535-5c43-4160-8c39-e6c5b42c9d06",
              "parentUUID": "dffe5c6c-3407-4288-b2bd-9e9a656f8d01",
              "isHook": true,
              "skipped": false
            }
          ],
          "afterHooks": [
            {
              "title": "\"after all\" hook in \"sample test\"",
              "fullTitle": "sample test \"after all\" hook in \"sample test\"",
              "timedOut": false,
              "duration": 268,
              "state": null,
              "speed": null,
              "pass": false,
              "fail": false,
              "pending": false,
              "context": null,
              "code": "return driver\n    .quit();",
              "err": {},
              "uuid": "a3a60ad5-02b7-416c-8f8f-8800f68c86f2",
              "parentUUID": "dffe5c6c-3407-4288-b2bd-9e9a656f8d01",
              "isHook": true,
              "skipped": false
            },
            {
              "title": "\"after each\" hook in \"sample test\"",
              "fullTitle": "sample test \"after each\" hook in \"sample test\"",
              "timedOut": false,
              "duration": 0,
              "state": null,
              "speed": null,
              "pass": false,
              "fail": false,
              "pending": false,
              "context": null,
              "code": "allPassed = allPassed && this.currentTest.state === 'passed';",
              "err": {},
              "uuid": "ee34f5f8-1b22-41a9-8066-f3bcdfbf4efd",
              "parentUUID": "dffe5c6c-3407-4288-b2bd-9e9a656f8d01",
              "isHook": true,
              "skipped": false
            }
          ],
          "tests": [
            {
              "title": "login example",
              "fullTitle": "sample test login example",
              "timedOut": false,
              "duration": 4820,
              "state": "passed",
              "speed": "slow",
              "pass": true,
              "fail": false,
              "pending": false,
              "context": null,
              "code": "return driver\n    .waitForElementById(\"app.com.sandjs.bankaccountfakewallet:id/username_txt\")\n    .should.eventually.exist\n    .click()\n    .elementById(\"app.com.sandjs.bankaccountfakewallet:id/username_txt\")\n    .sendKeys(\"hakana\")\n    .hideKeyboard()\n    .elementById(\"app.com.sandjs.bankaccountfakewallet:id/password_txt\")\n    .sendKeys(\"123456Aa.\")\n    .hideKeyboard()\n    .elementById(\"app.com.sandjs.bankaccountfakewallet:id/login_btn\")\n    .click()",
              "err": {},
              "uuid": "dbc2abef-6a5d-4e16-b63b-b8d689052c1e",
              "parentUUID": "dffe5c6c-3407-4288-b2bd-9e9a656f8d01",
              "isHook": false,
              "skipped": false
            }
          ],
          "suites": [],
          "passes": [
            "dbc2abef-6a5d-4e16-b63b-b8d689052c1e"
          ],
          "failures": [],
          "pending": [],
          "skipped": [],
          "duration": 4820,
          "root": false,
          "rootEmpty": false,
          "_timeout": 300000
        }
      ],
      "passes": [],
      "failures": [],
      "pending": [],
      "skipped": [],
      "duration": 0,
      "root": true,
      "rootEmpty": true,
      "_timeout": 2000
    }
  ],
  "meta": {
    "mocha": {
      "version": "10.2.0"
    },
    "mochawesome": {
      "options": {
        "quiet": false,
        "reportFilename": "mochawesome",
        "saveHtml": true,
        "saveJson": true,
        "consoleReporter": "spec",
        "useInlineDiffs": false,
        "code": true
      },
      "version": "7.1.3"
    },
    "marge": {
      "options": null,
      "version": "6.2.0"
    }
  }
}