{
  "stats": {
    "suites": 1,
    "tests": 1,
    "passes": 1,
    "pending": 0,
    "failures": 0,
    "start": "2023-05-04T10:37:13.340Z",
    "end": "2023-05-04T10:37:28.087Z",
    "duration": 14747,
    "testsRegistered": 1,
    "passPercent": 100,
    "pendingPercent": 0,
    "other": 0,
    "hasOther": false,
    "skipped": 0,
    "hasSkipped": false
  },
  "results": [
    {
      "uuid": "f4965554-296f-4b5f-a5d9-392b0332f8c9",
      "title": "",
      "fullFile": "/Users/hakantektas/Desktop/wd-js-example/wd-js-example/example/localTest/example.js",
      "file": "/example/localTest/example.js",
      "beforeHooks": [],
      "afterHooks": [],
      "tests": [],
      "suites": [
        {
          "uuid": "4f6ac870-a84f-483c-b81a-7472c8a13793",
          "title": "sample test",
          "fullFile": "/Users/hakantektas/Desktop/wd-js-example/wd-js-example/example/localTest/example.js",
          "file": "/example/localTest/example.js",
          "beforeHooks": [
            {
              "title": "\"before all\" hook in \"sample test\"",
              "fullTitle": "sample test \"before all\" hook in \"sample test\"",
              "timedOut": false,
              "duration": 9770,
              "state": null,
              "speed": null,
              "pass": false,
              "fail": false,
              "pending": false,
              "context": null,
              "code": "driver = wd.promiseChainRemote(serverConfigLocal);\nrequire(\"../../helpers/logging\").configure(driver);\nlet desired = {\n    platformName: 'Android',\n    deviceName: '988d9145524846413130',\n    app:\"/Users/hakantektas/Desktop/wd-js-example/wd-js-example/app/sample.apk\",\n    fullReset: false,\n    noReset: true\n};\nreturn driver\n    .init(desired)\n    .setImplicitWaitTimeout(8000);",
              "err": {},
              "uuid": "458814b4-c2c9-400c-94f3-3cdf82f921e3",
              "parentUUID": "4f6ac870-a84f-483c-b81a-7472c8a13793",
              "isHook": true,
              "skipped": false
            }
          ],
          "afterHooks": [
            {
              "title": "\"after all\" hook in \"sample test\"",
              "fullTitle": "sample test \"after all\" hook in \"sample test\"",
              "timedOut": false,
              "duration": 268,
              "state": null,
              "speed": null,
              "pass": false,
              "fail": false,
              "pending": false,
              "context": null,
              "code": "return driver\n    .quit();",
              "err": {},
              "uuid": "19d215d2-d765-4fc7-861a-17dfee0e0e63",
              "parentUUID": "4f6ac870-a84f-483c-b81a-7472c8a13793",
              "isHook": true,
              "skipped": false
            },
            {
              "title": "\"after each\" hook in \"sample test\"",
              "fullTitle": "sample test \"after each\" hook in \"sample test\"",
              "timedOut": false,
              "duration": 0,
              "state": null,
              "speed": null,
              "pass": false,
              "fail": false,
              "pending": false,
              "context": null,
              "code": "allPassed = allPassed && this.currentTest.state === 'passed';",
              "err": {},
              "uuid": "ee1220af-10b9-4c86-b42f-f6e3eeb189eb",
              "parentUUID": "4f6ac870-a84f-483c-b81a-7472c8a13793",
              "isHook": true,
              "skipped": false
            }
          ],
          "tests": [
            {
              "title": "login example",
              "fullTitle": "sample test login example",
              "timedOut": false,
              "duration": 4705,
              "state": "passed",
              "speed": "slow",
              "pass": true,
              "fail": false,
              "pending": false,
              "context": null,
              "code": "return driver\n    .elementById(\"app.com.sandjs.bankaccountfakewallet:id/username_txt\")\n    .should.eventually.exist\n    .click()\n    .elementById(\"app.com.sandjs.bankaccountfakewallet:id/username_txt\")\n    .sendKeys(\"hakana\")\n    .hideKeyboard()\n    .elementById(\"app.com.sandjs.bankaccountfakewallet:id/password_txt\")\n    .sendKeys(\"123456Aa.\")\n    .hideKeyboard()\n    .elementById(\"app.com.sandjs.bankaccountfakewallet:id/login_btn\")\n    .click()",
              "err": {},
              "uuid": "c7d5a05c-a79c-40e0-9ce5-a7483575a41f",
              "parentUUID": "4f6ac870-a84f-483c-b81a-7472c8a13793",
              "isHook": false,
              "skipped": false
            }
          ],
          "suites": [],
          "passes": [
            "c7d5a05c-a79c-40e0-9ce5-a7483575a41f"
          ],
          "failures": [],
          "pending": [],
          "skipped": [],
          "duration": 4705,
          "root": false,
          "rootEmpty": false,
          "_timeout": 300000
        }
      ],
      "passes": [],
      "failures": [],
      "pending": [],
      "skipped": [],
      "duration": 0,
      "root": true,
      "rootEmpty": true,
      "_timeout": 2000
    }
  ],
  "meta": {
    "mocha": {
      "version": "10.2.0"
    },
    "mochawesome": {
      "options": {
        "quiet": false,
        "reportFilename": "mochawesome",
        "saveHtml": true,
        "saveJson": true,
        "consoleReporter": "spec",
        "useInlineDiffs": false,
        "code": true
      },
      "version": "7.1.3"
    },
    "marge": {
      "options": null,
      "version": "6.2.0"
    }
  }
}